<?xml version="1.0" encoding="UTF-8"?>
<!-- Generated by org.testng.reporters.JUnitReportReporter -->
<testsuite hostname="LAPTOP-E37KRFLJ" name="com.freeCRM.TestCase.LoginPageTest" tests="1" failures="0" timestamp="6 Jul 2018 16:38:42 GMT" time="30.580" errors="0">
  <testcase name="LoginTest" time="30.580" classname="com.freeCRM.TestCase.LoginPageTest"/>
</testsuite> <!-- com.freeCRM.TestCase.LoginPageTest -->
