<?xml version="1.0" encoding="UTF-8"?>
<!-- Generated by org.testng.reporters.JUnitReportReporter -->
<testsuite hostname="LAPTOP-E37KRFLJ" name="com.freeCRM.TestCase.LoginPageTest" tests="1" failures="0" timestamp="8 Jul 2018 14:22:49 GMT" time="31.838" errors="0">
  <testcase name="LoginTest" time="31.838" classname="com.freeCRM.TestCase.LoginPageTest"/>
</testsuite> <!-- com.freeCRM.TestCase.LoginPageTest -->
